Arguments: 
  /usr/local/bin/node /usr/local/bin/yarn add body-perser express

PATH: 
  /flutter/bin:/usr/local/Cellar/mongodb/4.0.4/bin:/usr/local/bin:/usr/bin:/bin:/usr/sbin:/sbin:/flutter/bin:/usr/local/Cellar/mongodb/4.0.4/bin

Yarn version: 
  1.16.0

Node version: 
  10.9.0

Platform: 
  darwin x64

Trace: 
  Error: https://registry.npm.taobao.org/body-perser: Not found
      at Request.params.callback [as _callback] (/usr/local/lib/node_modules/yarn/lib/cli.js:66091:18)
      at Request.self.callback (/usr/local/lib/node_modules/yarn/lib/cli.js:129590:22)
      at Request.emit (events.js:182:13)
      at Request.<anonymous> (/usr/local/lib/node_modules/yarn/lib/cli.js:130562:10)
      at Request.emit (events.js:182:13)
      at IncomingMessage.<anonymous> (/usr/local/lib/node_modules/yarn/lib/cli.js:130484:12)
      at Object.onceWrapper (events.js:273:13)
      at IncomingMessage.emit (events.js:187:15)
      at endReadableNT (_stream_readable.js:1085:12)
      at process._tickCallback (internal/process/next_tick.js:63:19)

npm manifest: 
  {
    "name": "express",
    "version": "1.0.0",
    "description": "",
    "main": "index.js",
    "scripts": {
      "test": "echo \"Error: no test specified\" && exit 1"
    },
    "keywords": [],
    "author": "",
    "license": "ISC"
  }

yarn manifest: 
  No manifest

Lockfile: 
  No lockfile
